<?xml version="1.0" encoding="UTF-8"?>
<!-- Generated by org.testng.reporters.JUnitReportReporter -->
<testsuite hostname="CSGBTPWS092" failures="0" tests="1" name="RailwayFieldService_App_general_store.TestRunners.Appium_UI_Runner001" time="18.627" errors="0" timestamp="2023-04-11T12:24:53 IST" skipped="0">
  <testcase classname="RailwayFieldService_App_general_store.TestRunners.Appium_UI_Runner001" name="runScenario" time="18.627"/>
  <system-out/>
</testsuite> <!-- RailwayFieldService_App_general_store.TestRunners.Appium_UI_Runner001 -->
