<?xml version="1.0" encoding="UTF-8"?>
<!-- Generated by org.testng.reporters.JUnitReportReporter -->
<testsuite hostname="CSGBTPWS092" failures="0" tests="4" name="RailwayFieldService_App_general_store.TestRunners.Appium_UI_Runner007" time="417.297" errors="0" timestamp="2023-04-21T10:55:48 IST" skipped="0">
  <testcase classname="RailwayFieldService_App_general_store.TestRunners.Appium_UI_Runner007" name="runScenario" time="131.777"/>
  <system-out/>
  <testcase classname="RailwayFieldService_App_general_store.TestRunners.Appium_UI_Runner007" name="runScenario" time="107.224"/>
  <system-out/>
  <testcase classname="RailwayFieldService_App_general_store.TestRunners.Appium_UI_Runner007" name="runScenario" time="110.393"/>
  <system-out/>
  <testcase classname="RailwayFieldService_App_general_store.TestRunners.Appium_UI_Runner007" name="runScenario" time="67.903"/>
  <system-out/>
</testsuite> <!-- RailwayFieldService_App_general_store.TestRunners.Appium_UI_Runner007 -->
